Analysis & Synthesis report for walking_circle
Thu May  8 14:33:19 2025
Quartus Prime Version 22.1std.0 Build 915 10/25/2022 SC Lite Edition


---------------------
; Table of Contents ;
---------------------
  1. Legal Notice
  2. Analysis & Synthesis Summary
  3. Analysis & Synthesis Settings
  4. Parallel Compilation
  5. Analysis & Synthesis Source Files Read
  6. Analysis & Synthesis Resource Usage Summary
  7. Analysis & Synthesis Resource Utilization by Entity
  8. Registers Removed During Synthesis
  9. General Register Statistics
 10. Inverted Register Statistics
 11. Multiplexer Restructuring Statistics (Restructuring Performed)
 12. Parameter Settings for User Entity Instance: clock_div:clock_div_inst
 13. Parameter Settings for User Entity Instance: walking_circle:walking_circle_inst
 14. Parameter Settings for User Entity Instance: walking_circle:walking_circle_inst|circle_on_seg:seg7_for[0].circle_on_seg_inst
 15. Parameter Settings for User Entity Instance: walking_circle:walking_circle_inst|circle_on_seg:seg7_for[1].circle_on_seg_inst
 16. Parameter Settings for User Entity Instance: walking_circle:walking_circle_inst|circle_on_seg:seg7_for[2].circle_on_seg_inst
 17. Parameter Settings for User Entity Instance: walking_circle:walking_circle_inst|circle_on_seg:seg7_for[3].circle_on_seg_inst
 18. Parameter Settings for User Entity Instance: walking_circle:walking_circle_inst|circle_on_seg:seg7_for[4].circle_on_seg_inst
 19. Parameter Settings for User Entity Instance: walking_circle:walking_circle_inst|circle_on_seg:seg7_for[5].circle_on_seg_inst
 20. Post-Synthesis Netlist Statistics for Top Partition
 21. Elapsed Time Per Partition
 22. Analysis & Synthesis Messages
 23. Analysis & Synthesis Suppressed Messages



----------------
; Legal Notice ;
----------------
Copyright (C) 2022  Intel Corporation. All rights reserved.
Your use of Intel Corporation's design tools, logic functions 
and other software and tools, and any partner logic 
functions, and any output files from any of the foregoing 
(including device programming or simulation files), and any 
associated documentation or information are expressly subject 
to the terms and conditions of the Intel Program License 
Subscription Agreement, the Intel Quartus Prime License Agreement,
the Intel FPGA IP License Agreement, or other applicable license
agreement, including, without limitation, that your use is for
the sole purpose of programming logic devices manufactured by
Intel and sold by Intel or its authorized distributors.  Please
refer to the applicable agreement for further details, at
https://fpgasoftware.intel.com/eula.



+-------------------------------------------------------------------------------------+
; Analysis & Synthesis Summary                                                        ;
+------------------------------------+------------------------------------------------+
; Analysis & Synthesis Status        ; Successful - Thu May  8 14:33:19 2025          ;
; Quartus Prime Version              ; 22.1std.0 Build 915 10/25/2022 SC Lite Edition ;
; Revision Name                      ; walking_circle                                 ;
; Top-level Entity Name              ; DE10_LITE_Golden_Top                           ;
; Family                             ; MAX 10                                         ;
; Total logic elements               ; 59                                             ;
;     Total combinational functions  ; 59                                             ;
;     Dedicated logic registers      ; 31                                             ;
; Total registers                    ; 31                                             ;
; Total pins                         ; 185                                            ;
; Total virtual pins                 ; 0                                              ;
; Total memory bits                  ; 0                                              ;
; Embedded Multiplier 9-bit elements ; 0                                              ;
; Total PLLs                         ; 0                                              ;
; UFM blocks                         ; 0                                              ;
; ADC blocks                         ; 0                                              ;
+------------------------------------+------------------------------------------------+


+--------------------------------------------------------------------------------------------------------------+
; Analysis & Synthesis Settings                                                                                ;
+------------------------------------------------------------------+----------------------+--------------------+
; Option                                                           ; Setting              ; Default Value      ;
+------------------------------------------------------------------+----------------------+--------------------+
; Device                                                           ; 10M50DAF484C6GES     ;                    ;
; Top-level entity name                                            ; DE10_LITE_Golden_Top ; walking_circle     ;
; Family name                                                      ; MAX 10 FPGA          ; Cyclone V          ;
; Use smart compilation                                            ; Off                  ; Off                ;
; Enable parallel Assembler and Timing Analyzer during compilation ; On                   ; On                 ;
; Enable compact report table                                      ; Off                  ; Off                ;
; Restructure Multiplexers                                         ; Auto                 ; Auto               ;
; Create Debugging Nodes for IP Cores                              ; Off                  ; Off                ;
; Preserve fewer node names                                        ; On                   ; On                 ;
; Intel FPGA IP Evaluation Mode                                    ; Enable               ; Enable             ;
; Verilog Version                                                  ; Verilog_2001         ; Verilog_2001       ;
; VHDL Version                                                     ; VHDL_1993            ; VHDL_1993          ;
; State Machine Processing                                         ; Auto                 ; Auto               ;
; Safe State Machine                                               ; Off                  ; Off                ;
; Extract Verilog State Machines                                   ; On                   ; On                 ;
; Extract VHDL State Machines                                      ; On                   ; On                 ;
; Ignore Verilog initial constructs                                ; Off                  ; Off                ;
; Iteration limit for constant Verilog loops                       ; 5000                 ; 5000               ;
; Iteration limit for non-constant Verilog loops                   ; 250                  ; 250                ;
; Add Pass-Through Logic to Inferred RAMs                          ; On                   ; On                 ;
; Infer RAMs from Raw Logic                                        ; On                   ; On                 ;
; Parallel Synthesis                                               ; On                   ; On                 ;
; DSP Block Balancing                                              ; Auto                 ; Auto               ;
; NOT Gate Push-Back                                               ; On                   ; On                 ;
; Power-Up Don't Care                                              ; On                   ; On                 ;
; Remove Redundant Logic Cells                                     ; Off                  ; Off                ;
; Remove Duplicate Registers                                       ; On                   ; On                 ;
; Ignore CARRY Buffers                                             ; Off                  ; Off                ;
; Ignore CASCADE Buffers                                           ; Off                  ; Off                ;
; Ignore GLOBAL Buffers                                            ; Off                  ; Off                ;
; Ignore ROW GLOBAL Buffers                                        ; Off                  ; Off                ;
; Ignore LCELL Buffers                                             ; Off                  ; Off                ;
; Ignore SOFT Buffers                                              ; On                   ; On                 ;
; Limit AHDL Integers to 32 Bits                                   ; Off                  ; Off                ;
; Optimization Technique                                           ; Balanced             ; Balanced           ;
; Carry Chain Length                                               ; 70                   ; 70                 ;
; Auto Carry Chains                                                ; On                   ; On                 ;
; Auto Open-Drain Pins                                             ; On                   ; On                 ;
; Perform WYSIWYG Primitive Resynthesis                            ; Off                  ; Off                ;
; Auto ROM Replacement                                             ; On                   ; On                 ;
; Auto RAM Replacement                                             ; On                   ; On                 ;
; Auto DSP Block Replacement                                       ; On                   ; On                 ;
; Auto Shift Register Replacement                                  ; Auto                 ; Auto               ;
; Allow Shift Register Merging across Hierarchies                  ; Auto                 ; Auto               ;
; Auto Clock Enable Replacement                                    ; On                   ; On                 ;
; Strict RAM Replacement                                           ; Off                  ; Off                ;
; Allow Synchronous Control Signals                                ; On                   ; On                 ;
; Force Use of Synchronous Clear Signals                           ; Off                  ; Off                ;
; Auto RAM Block Balancing                                         ; On                   ; On                 ;
; Auto RAM to Logic Cell Conversion                                ; Off                  ; Off                ;
; Auto Resource Sharing                                            ; Off                  ; Off                ;
; Allow Any RAM Size For Recognition                               ; Off                  ; Off                ;
; Allow Any ROM Size For Recognition                               ; Off                  ; Off                ;
; Allow Any Shift Register Size For Recognition                    ; Off                  ; Off                ;
; Use LogicLock Constraints during Resource Balancing              ; On                   ; On                 ;
; Ignore translate_off and synthesis_off directives                ; Off                  ; Off                ;
; Timing-Driven Synthesis                                          ; On                   ; On                 ;
; Report Parameter Settings                                        ; On                   ; On                 ;
; Report Source Assignments                                        ; On                   ; On                 ;
; Report Connectivity Checks                                       ; On                   ; On                 ;
; Ignore Maximum Fan-Out Assignments                               ; Off                  ; Off                ;
; Synchronization Register Chain Length                            ; 2                    ; 2                  ;
; Power Optimization During Synthesis                              ; Normal compilation   ; Normal compilation ;
; HDL message level                                                ; Level2               ; Level2             ;
; Suppress Register Optimization Related Messages                  ; Off                  ; Off                ;
; Number of Removed Registers Reported in Synthesis Report         ; 5000                 ; 5000               ;
; Number of Swept Nodes Reported in Synthesis Report               ; 5000                 ; 5000               ;
; Number of Inverted Registers Reported in Synthesis Report        ; 100                  ; 100                ;
; Clock MUX Protection                                             ; On                   ; On                 ;
; Auto Gated Clock Conversion                                      ; Off                  ; Off                ;
; Block Design Naming                                              ; Auto                 ; Auto               ;
; SDC constraint protection                                        ; Off                  ; Off                ;
; Synthesis Effort                                                 ; Auto                 ; Auto               ;
; Shift Register Replacement - Allow Asynchronous Clear Signal     ; On                   ; On                 ;
; Pre-Mapping Resynthesis Optimization                             ; Off                  ; Off                ;
; Analysis & Synthesis Message Level                               ; Medium               ; Medium             ;
; Disable Register Merging Across Hierarchies                      ; Auto                 ; Auto               ;
; Resource Aware Inference For Block RAM                           ; On                   ; On                 ;
+------------------------------------------------------------------+----------------------+--------------------+


+------------------------------------------+
; Parallel Compilation                     ;
+----------------------------+-------------+
; Processors                 ; Number      ;
+----------------------------+-------------+
; Number detected on machine ; 16          ;
; Maximum allowed            ; 16          ;
;                            ;             ;
; Average used               ; 1.00        ;
; Maximum used               ; 16          ;
;                            ;             ;
; Usage by Processor         ; % Time Used ;
;     Processor 1            ; 100.0%      ;
;     Processors 2-16        ;   0.0%      ;
+----------------------------+-------------+


+--------------------------------------------------------------------------------------------------------------------------------------------------+
; Analysis & Synthesis Source Files Read                                                                                                           ;
+----------------------------------+-----------------+------------------------------+----------------------------------------------------+---------+
; File Name with User-Entered Path ; Used in Netlist ; File Type                    ; File Name with Absolute Path                       ; Library ;
+----------------------------------+-----------------+------------------------------+----------------------------------------------------+---------+
; hdl/walking_circle.sv            ; yes             ; User SystemVerilog HDL File  ; C:/Users/edu/walking_circle/hdl/walking_circle.sv  ;         ;
; hdl/clock_div.sv                 ; yes             ; User SystemVerilog HDL File  ; C:/Users/edu/walking_circle/hdl/clock_div.sv       ;         ;
; hdl/circle_on_seg.sv             ; yes             ; User SystemVerilog HDL File  ; C:/Users/edu/walking_circle/hdl/circle_on_seg.sv   ;         ;
; DE10_LITE_Golden_Top.v           ; yes             ; User Verilog HDL File        ; C:/Users/edu/walking_circle/DE10_LITE_Golden_Top.v ;         ;
+----------------------------------+-----------------+------------------------------+----------------------------------------------------+---------+


+-------------------------------------------------------------------+
; Analysis & Synthesis Resource Usage Summary                       ;
+---------------------------------------------+---------------------+
; Resource                                    ; Usage               ;
+---------------------------------------------+---------------------+
; Estimated Total logic elements              ; 59                  ;
;                                             ;                     ;
; Total combinational functions               ; 59                  ;
; Logic element usage by number of LUT inputs ;                     ;
;     -- 4 input functions                    ; 26                  ;
;     -- 3 input functions                    ; 8                   ;
;     -- <=2 input functions                  ; 25                  ;
;                                             ;                     ;
; Logic elements by mode                      ;                     ;
;     -- normal mode                          ; 35                  ;
;     -- arithmetic mode                      ; 24                  ;
;                                             ;                     ;
; Total registers                             ; 31                  ;
;     -- Dedicated logic registers            ; 31                  ;
;     -- I/O registers                        ; 0                   ;
;                                             ;                     ;
; I/O pins                                    ; 185                 ;
;                                             ;                     ;
; Embedded Multiplier 9-bit elements          ; 0                   ;
;                                             ;                     ;
; Maximum fan-out node                        ; MAX10_CLK1_50~input ;
; Maximum fan-out                             ; 31                  ;
; Total fan-out                               ; 567                 ;
; Average fan-out                             ; 1.07                ;
+---------------------------------------------+---------------------+


+---------------------------------------------------------------------------------------------------------------------------------------------------------------------------------------------------------------------------------------------------------------------------------------------------------------------------------------------------------+
; Analysis & Synthesis Resource Utilization by Entity                                                                                                                                                                                                                                                                                                     ;
+------------------------------------------------------+---------------------+---------------------------+-------------+------------+--------------+---------+-----------+------+--------------+------------+-------------------------------------------------------------------------------------------------------+----------------------+--------------+
; Compilation Hierarchy Node                           ; Combinational ALUTs ; Dedicated Logic Registers ; Memory Bits ; UFM Blocks ; DSP Elements ; DSP 9x9 ; DSP 18x18 ; Pins ; Virtual Pins ; ADC blocks ; Full Hierarchy Name                                                                                   ; Entity Name          ; Library Name ;
+------------------------------------------------------+---------------------+---------------------------+-------------+------------+--------------+---------+-----------+------+--------------+------------+-------------------------------------------------------------------------------------------------------+----------------------+--------------+
; |DE10_LITE_Golden_Top                                ; 59 (0)              ; 31 (0)                    ; 0           ; 0          ; 0            ; 0       ; 0         ; 185  ; 0            ; 0          ; |DE10_LITE_Golden_Top                                                                                 ; DE10_LITE_Golden_Top ; work         ;
;    |clock_div:clock_div_inst|                        ; 35 (35)             ; 27 (27)                   ; 0           ; 0          ; 0            ; 0       ; 0         ; 0    ; 0            ; 0          ; |DE10_LITE_Golden_Top|clock_div:clock_div_inst                                                        ; clock_div            ; work         ;
;    |walking_circle:walking_circle_inst|              ; 24 (12)             ; 4 (4)                     ; 0           ; 0          ; 0            ; 0       ; 0         ; 0    ; 0            ; 0          ; |DE10_LITE_Golden_Top|walking_circle:walking_circle_inst                                              ; walking_circle       ; work         ;
;       |circle_on_seg:seg7_for[0].circle_on_seg_inst| ; 2 (2)               ; 0 (0)                     ; 0           ; 0          ; 0            ; 0       ; 0         ; 0    ; 0            ; 0          ; |DE10_LITE_Golden_Top|walking_circle:walking_circle_inst|circle_on_seg:seg7_for[0].circle_on_seg_inst ; circle_on_seg        ; work         ;
;       |circle_on_seg:seg7_for[1].circle_on_seg_inst| ; 2 (2)               ; 0 (0)                     ; 0           ; 0          ; 0            ; 0       ; 0         ; 0    ; 0            ; 0          ; |DE10_LITE_Golden_Top|walking_circle:walking_circle_inst|circle_on_seg:seg7_for[1].circle_on_seg_inst ; circle_on_seg        ; work         ;
;       |circle_on_seg:seg7_for[2].circle_on_seg_inst| ; 2 (2)               ; 0 (0)                     ; 0           ; 0          ; 0            ; 0       ; 0         ; 0    ; 0            ; 0          ; |DE10_LITE_Golden_Top|walking_circle:walking_circle_inst|circle_on_seg:seg7_for[2].circle_on_seg_inst ; circle_on_seg        ; work         ;
;       |circle_on_seg:seg7_for[3].circle_on_seg_inst| ; 2 (2)               ; 0 (0)                     ; 0           ; 0          ; 0            ; 0       ; 0         ; 0    ; 0            ; 0          ; |DE10_LITE_Golden_Top|walking_circle:walking_circle_inst|circle_on_seg:seg7_for[3].circle_on_seg_inst ; circle_on_seg        ; work         ;
;       |circle_on_seg:seg7_for[4].circle_on_seg_inst| ; 2 (2)               ; 0 (0)                     ; 0           ; 0          ; 0            ; 0       ; 0         ; 0    ; 0            ; 0          ; |DE10_LITE_Golden_Top|walking_circle:walking_circle_inst|circle_on_seg:seg7_for[4].circle_on_seg_inst ; circle_on_seg        ; work         ;
;       |circle_on_seg:seg7_for[5].circle_on_seg_inst| ; 2 (2)               ; 0 (0)                     ; 0           ; 0          ; 0            ; 0       ; 0         ; 0    ; 0            ; 0          ; |DE10_LITE_Golden_Top|walking_circle:walking_circle_inst|circle_on_seg:seg7_for[5].circle_on_seg_inst ; circle_on_seg        ; work         ;
+------------------------------------------------------+---------------------+---------------------------+-------------+------------+--------------+---------+-----------+------+--------------+------------+-------------------------------------------------------------------------------------------------------+----------------------+--------------+
Note: For table entries with two numbers listed, the numbers in parentheses indicate the number of resources of the given type used by the specific entity alone. The numbers listed outside of parentheses indicate the total resources of the given type used by the specific entity and all of its sub-entities in the hierarchy.


+--------------------------------------------------------------------------------------------------+
; Registers Removed During Synthesis                                                               ;
+----------------------------------------+---------------------------------------------------------+
; Register name                          ; Reason for Removal                                      ;
+----------------------------------------+---------------------------------------------------------+
; walking_circle:walking_circle_inst|row ; Merged with walking_circle:walking_circle_inst|directie ;
; Total Number of Removed Registers = 1  ;                                                         ;
+----------------------------------------+---------------------------------------------------------+


+------------------------------------------------------+
; General Register Statistics                          ;
+----------------------------------------------+-------+
; Statistic                                    ; Value ;
+----------------------------------------------+-------+
; Total registers                              ; 31    ;
; Number of registers using Synchronous Clear  ; 0     ;
; Number of registers using Synchronous Load   ; 0     ;
; Number of registers using Asynchronous Clear ; 31    ;
; Number of registers using Asynchronous Load  ; 0     ;
; Number of registers using Clock Enable       ; 0     ;
; Number of registers using Preset             ; 0     ;
+----------------------------------------------+-------+


+-------------------------------------------------------+
; Inverted Register Statistics                          ;
+---------------------------------------------+---------+
; Inverted Register                           ; Fan out ;
+---------------------------------------------+---------+
; walking_circle:walking_circle_inst|directie ; 15      ;
; Total number of inverted registers = 1      ;         ;
+---------------------------------------------+---------+


+-----------------------------------------------------------------------------------------------------------------------------------------------------------------------------------+
; Multiplexer Restructuring Statistics (Restructuring Performed)                                                                                                                    ;
+--------------------+-----------+---------------+----------------------+------------------------+------------+---------------------------------------------------------------------+
; Multiplexer Inputs ; Bus Width ; Baseline Area ; Area if Restructured ; Saving if Restructured ; Registered ; Example Multiplexer Output                                          ;
+--------------------+-----------+---------------+----------------------+------------------------+------------+---------------------------------------------------------------------+
; 3:1                ; 2 bits    ; 4 LEs         ; 2 LEs                ; 2 LEs                  ; No         ; |DE10_LITE_Golden_Top|walking_circle:walking_circle_inst|ShiftLeft0 ;
+--------------------+-----------+---------------+----------------------+------------------------+------------+---------------------------------------------------------------------+


+-----------------------------------------------------------------------+
; Parameter Settings for User Entity Instance: clock_div:clock_div_inst ;
+----------------+----------+-------------------------------------------+
; Parameter Name ; Value    ; Type                                      ;
+----------------+----------+-------------------------------------------+
; WIDTH          ; 26       ; Signed Integer                            ;
; FREQ           ; 50000000 ; Signed Integer                            ;
+----------------+----------+-------------------------------------------+
Note: In order to hide this table in the UI and the text report file, please set the "Show Parameter Settings in Synthesis Report" option in "Analysis and Synthesis Settings -> More Settings" to "Off".


+---------------------------------------------------------------------------------+
; Parameter Settings for User Entity Instance: walking_circle:walking_circle_inst ;
+-----------------+-------+-------------------------------------------------------+
; Parameter Name  ; Value ; Type                                                  ;
+-----------------+-------+-------------------------------------------------------+
; NUM_OF_DISPLAYS ; 6     ; Signed Integer                                        ;
; COL_WIDTH       ; 3     ; Signed Integer                                        ;
; ROW             ; 1     ; Signed Integer                                        ;
; DIRECTION       ; 1     ; Signed Integer                                        ;
+-----------------+-------+-------------------------------------------------------+
Note: In order to hide this table in the UI and the text report file, please set the "Show Parameter Settings in Synthesis Report" option in "Analysis and Synthesis Settings -> More Settings" to "Off".


+------------------------------------------------------------------------------------------------------------------------------+
; Parameter Settings for User Entity Instance: walking_circle:walking_circle_inst|circle_on_seg:seg7_for[0].circle_on_seg_inst ;
+----------------+-------+-----------------------------------------------------------------------------------------------------+
; Parameter Name ; Value ; Type                                                                                                ;
+----------------+-------+-----------------------------------------------------------------------------------------------------+
; led_logic      ; 1     ; Signed Integer                                                                                      ;
+----------------+-------+-----------------------------------------------------------------------------------------------------+
Note: In order to hide this table in the UI and the text report file, please set the "Show Parameter Settings in Synthesis Report" option in "Analysis and Synthesis Settings -> More Settings" to "Off".


+------------------------------------------------------------------------------------------------------------------------------+
; Parameter Settings for User Entity Instance: walking_circle:walking_circle_inst|circle_on_seg:seg7_for[1].circle_on_seg_inst ;
+----------------+-------+-----------------------------------------------------------------------------------------------------+
; Parameter Name ; Value ; Type                                                                                                ;
+----------------+-------+-----------------------------------------------------------------------------------------------------+
; led_logic      ; 1     ; Signed Integer                                                                                      ;
+----------------+-------+-----------------------------------------------------------------------------------------------------+
Note: In order to hide this table in the UI and the text report file, please set the "Show Parameter Settings in Synthesis Report" option in "Analysis and Synthesis Settings -> More Settings" to "Off".


+------------------------------------------------------------------------------------------------------------------------------+
; Parameter Settings for User Entity Instance: walking_circle:walking_circle_inst|circle_on_seg:seg7_for[2].circle_on_seg_inst ;
+----------------+-------+-----------------------------------------------------------------------------------------------------+
; Parameter Name ; Value ; Type                                                                                                ;
+----------------+-------+-----------------------------------------------------------------------------------------------------+
; led_logic      ; 1     ; Signed Integer                                                                                      ;
+----------------+-------+-----------------------------------------------------------------------------------------------------+
Note: In order to hide this table in the UI and the text report file, please set the "Show Parameter Settings in Synthesis Report" option in "Analysis and Synthesis Settings -> More Settings" to "Off".


+------------------------------------------------------------------------------------------------------------------------------+
; Parameter Settings for User Entity Instance: walking_circle:walking_circle_inst|circle_on_seg:seg7_for[3].circle_on_seg_inst ;
+----------------+-------+-----------------------------------------------------------------------------------------------------+
; Parameter Name ; Value ; Type                                                                                                ;
+----------------+-------+-----------------------------------------------------------------------------------------------------+
; led_logic      ; 1     ; Signed Integer                                                                                      ;
+----------------+-------+-----------------------------------------------------------------------------------------------------+
Note: In order to hide this table in the UI and the text report file, please set the "Show Parameter Settings in Synthesis Report" option in "Analysis and Synthesis Settings -> More Settings" to "Off".


+------------------------------------------------------------------------------------------------------------------------------+
; Parameter Settings for User Entity Instance: walking_circle:walking_circle_inst|circle_on_seg:seg7_for[4].circle_on_seg_inst ;
+----------------+-------+-----------------------------------------------------------------------------------------------------+
; Parameter Name ; Value ; Type                                                                                                ;
+----------------+-------+-----------------------------------------------------------------------------------------------------+
; led_logic      ; 1     ; Signed Integer                                                                                      ;
+----------------+-------+-----------------------------------------------------------------------------------------------------+
Note: In order to hide this table in the UI and the text report file, please set the "Show Parameter Settings in Synthesis Report" option in "Analysis and Synthesis Settings -> More Settings" to "Off".


+------------------------------------------------------------------------------------------------------------------------------+
; Parameter Settings for User Entity Instance: walking_circle:walking_circle_inst|circle_on_seg:seg7_for[5].circle_on_seg_inst ;
+----------------+-------+-----------------------------------------------------------------------------------------------------+
; Parameter Name ; Value ; Type                                                                                                ;
+----------------+-------+-----------------------------------------------------------------------------------------------------+
; led_logic      ; 1     ; Signed Integer                                                                                      ;
+----------------+-------+-----------------------------------------------------------------------------------------------------+
Note: In order to hide this table in the UI and the text report file, please set the "Show Parameter Settings in Synthesis Report" option in "Analysis and Synthesis Settings -> More Settings" to "Off".


+-----------------------------------------------------+
; Post-Synthesis Netlist Statistics for Top Partition ;
+-----------------------+-----------------------------+
; Type                  ; Count                       ;
+-----------------------+-----------------------------+
; boundary_port         ; 185                         ;
; cycloneiii_ff         ; 31                          ;
;     CLR               ; 31                          ;
; cycloneiii_io_obuf    ; 71                          ;
; cycloneiii_lcell_comb ; 71                          ;
;     arith             ; 24                          ;
;         2 data inputs ; 23                          ;
;         3 data inputs ; 1                           ;
;     normal            ; 47                          ;
;         0 data inputs ; 2                           ;
;         1 data inputs ; 12                          ;
;         3 data inputs ; 7                           ;
;         4 data inputs ; 26                          ;
;                       ;                             ;
; Max LUT depth         ; 3.40                        ;
; Average LUT depth     ; 1.58                        ;
+-----------------------+-----------------------------+


+-------------------------------+
; Elapsed Time Per Partition    ;
+----------------+--------------+
; Partition Name ; Elapsed Time ;
+----------------+--------------+
; Top            ; 00:00:00     ;
+----------------+--------------+


+-------------------------------+
; Analysis & Synthesis Messages ;
+-------------------------------+
Info: *******************************************************************
Info: Running Quartus Prime Analysis & Synthesis
    Info: Version 22.1std.0 Build 915 10/25/2022 SC Lite Edition
    Info: Processing started: Thu May  8 14:33:13 2025
Info: Command: quartus_map --read_settings_files=on --write_settings_files=off walking_circle -c walking_circle
Warning (18236): Number of processors has not been specified which may cause overloading on shared machines.  Set the global assignment NUM_PARALLEL_PROCESSORS in your QSF to an appropriate value for best performance.
Info (20030): Parallel compilation is enabled and will use 16 of the 16 processors detected
Info (12021): Found 1 design units, including 1 entities, in source file hdl/walking_circle.sv
    Info (12023): Found entity 1: walking_circle File: C:/Users/edu/walking_circle/hdl/walking_circle.sv Line: 1
Info (12021): Found 1 design units, including 1 entities, in source file hdl/clock_div.sv
    Info (12023): Found entity 1: clock_div File: C:/Users/edu/walking_circle/hdl/clock_div.sv Line: 1
Info (12021): Found 1 design units, including 1 entities, in source file hdl/circle_on_seg.sv
    Info (12023): Found entity 1: circle_on_seg File: C:/Users/edu/walking_circle/hdl/circle_on_seg.sv Line: 1
Info (12021): Found 1 design units, including 1 entities, in source file de10_lite_golden_top.v
    Info (12023): Found entity 1: DE10_LITE_Golden_Top File: C:/Users/edu/walking_circle/DE10_LITE_Golden_Top.v Line: 29
Info (12127): Elaborating entity "DE10_LITE_Golden_Top" for the top level hierarchy
Warning (10034): Output port "DRAM_ADDR" at DE10_LITE_Golden_Top.v(46) has no driver File: C:/Users/edu/walking_circle/DE10_LITE_Golden_Top.v Line: 46
Warning (10034): Output port "DRAM_BA" at DE10_LITE_Golden_Top.v(47) has no driver File: C:/Users/edu/walking_circle/DE10_LITE_Golden_Top.v Line: 47
Warning (10034): Output port "LEDR" at DE10_LITE_Golden_Top.v(86) has no driver File: C:/Users/edu/walking_circle/DE10_LITE_Golden_Top.v Line: 86
Warning (10034): Output port "VGA_B" at DE10_LITE_Golden_Top.v(96) has no driver File: C:/Users/edu/walking_circle/DE10_LITE_Golden_Top.v Line: 96
Warning (10034): Output port "VGA_G" at DE10_LITE_Golden_Top.v(97) has no driver File: C:/Users/edu/walking_circle/DE10_LITE_Golden_Top.v Line: 97
Warning (10034): Output port "VGA_R" at DE10_LITE_Golden_Top.v(99) has no driver File: C:/Users/edu/walking_circle/DE10_LITE_Golden_Top.v Line: 99
Warning (10034): Output port "DRAM_CAS_N" at DE10_LITE_Golden_Top.v(48) has no driver File: C:/Users/edu/walking_circle/DE10_LITE_Golden_Top.v Line: 48
Warning (10034): Output port "DRAM_CKE" at DE10_LITE_Golden_Top.v(49) has no driver File: C:/Users/edu/walking_circle/DE10_LITE_Golden_Top.v Line: 49
Warning (10034): Output port "DRAM_CLK" at DE10_LITE_Golden_Top.v(50) has no driver File: C:/Users/edu/walking_circle/DE10_LITE_Golden_Top.v Line: 50
Warning (10034): Output port "DRAM_CS_N" at DE10_LITE_Golden_Top.v(51) has no driver File: C:/Users/edu/walking_circle/DE10_LITE_Golden_Top.v Line: 51
Warning (10034): Output port "DRAM_LDQM" at DE10_LITE_Golden_Top.v(53) has no driver File: C:/Users/edu/walking_circle/DE10_LITE_Golden_Top.v Line: 53
Warning (10034): Output port "DRAM_RAS_N" at DE10_LITE_Golden_Top.v(54) has no driver File: C:/Users/edu/walking_circle/DE10_LITE_Golden_Top.v Line: 54
Warning (10034): Output port "DRAM_UDQM" at DE10_LITE_Golden_Top.v(55) has no driver File: C:/Users/edu/walking_circle/DE10_LITE_Golden_Top.v Line: 55
Warning (10034): Output port "DRAM_WE_N" at DE10_LITE_Golden_Top.v(56) has no driver File: C:/Users/edu/walking_circle/DE10_LITE_Golden_Top.v Line: 56
Warning (10034): Output port "VGA_HS" at DE10_LITE_Golden_Top.v(98) has no driver File: C:/Users/edu/walking_circle/DE10_LITE_Golden_Top.v Line: 98
Warning (10034): Output port "VGA_VS" at DE10_LITE_Golden_Top.v(100) has no driver File: C:/Users/edu/walking_circle/DE10_LITE_Golden_Top.v Line: 100
Warning (10034): Output port "GSENSOR_CS_N" at DE10_LITE_Golden_Top.v(105) has no driver File: C:/Users/edu/walking_circle/DE10_LITE_Golden_Top.v Line: 105
Warning (10034): Output port "GSENSOR_SCLK" at DE10_LITE_Golden_Top.v(107) has no driver File: C:/Users/edu/walking_circle/DE10_LITE_Golden_Top.v Line: 107
Info (12128): Elaborating entity "clock_div" for hierarchy "clock_div:clock_div_inst" File: C:/Users/edu/walking_circle/DE10_LITE_Golden_Top.v Line: 150
Warning (10230): Verilog HDL assignment warning at clock_div.sv(19): truncated value with size 32 to match size of target (26) File: C:/Users/edu/walking_circle/hdl/clock_div.sv Line: 19
Info (12128): Elaborating entity "walking_circle" for hierarchy "walking_circle:walking_circle_inst" File: C:/Users/edu/walking_circle/DE10_LITE_Golden_Top.v Line: 165
Warning (10230): Verilog HDL assignment warning at walking_circle.sv(22): truncated value with size 32 to match size of target (1) File: C:/Users/edu/walking_circle/hdl/walking_circle.sv Line: 22
Warning (10230): Verilog HDL assignment warning at walking_circle.sv(23): truncated value with size 32 to match size of target (1) File: C:/Users/edu/walking_circle/hdl/walking_circle.sv Line: 23
Warning (10230): Verilog HDL assignment warning at walking_circle.sv(34): truncated value with size 32 to match size of target (3) File: C:/Users/edu/walking_circle/hdl/walking_circle.sv Line: 34
Warning (10230): Verilog HDL assignment warning at walking_circle.sv(39): truncated value with size 32 to match size of target (6) File: C:/Users/edu/walking_circle/hdl/walking_circle.sv Line: 39
Info (12128): Elaborating entity "circle_on_seg" for hierarchy "walking_circle:walking_circle_inst|circle_on_seg:seg7_for[0].circle_on_seg_inst" File: C:/Users/edu/walking_circle/hdl/walking_circle.sv Line: 51
Warning (13039): The following bidirectional pins have no drivers
    Warning (13040): bidirectional pin "DRAM_DQ[0]" has no driver File: C:/Users/edu/walking_circle/DE10_LITE_Golden_Top.v Line: 52
    Warning (13040): bidirectional pin "DRAM_DQ[1]" has no driver File: C:/Users/edu/walking_circle/DE10_LITE_Golden_Top.v Line: 52
    Warning (13040): bidirectional pin "DRAM_DQ[2]" has no driver File: C:/Users/edu/walking_circle/DE10_LITE_Golden_Top.v Line: 52
    Warning (13040): bidirectional pin "DRAM_DQ[3]" has no driver File: C:/Users/edu/walking_circle/DE10_LITE_Golden_Top.v Line: 52
    Warning (13040): bidirectional pin "DRAM_DQ[4]" has no driver File: C:/Users/edu/walking_circle/DE10_LITE_Golden_Top.v Line: 52
    Warning (13040): bidirectional pin "DRAM_DQ[5]" has no driver File: C:/Users/edu/walking_circle/DE10_LITE_Golden_Top.v Line: 52
    Warning (13040): bidirectional pin "DRAM_DQ[6]" has no driver File: C:/Users/edu/walking_circle/DE10_LITE_Golden_Top.v Line: 52
    Warning (13040): bidirectional pin "DRAM_DQ[7]" has no driver File: C:/Users/edu/walking_circle/DE10_LITE_Golden_Top.v Line: 52
    Warning (13040): bidirectional pin "DRAM_DQ[8]" has no driver File: C:/Users/edu/walking_circle/DE10_LITE_Golden_Top.v Line: 52
    Warning (13040): bidirectional pin "DRAM_DQ[9]" has no driver File: C:/Users/edu/walking_circle/DE10_LITE_Golden_Top.v Line: 52
    Warning (13040): bidirectional pin "DRAM_DQ[10]" has no driver File: C:/Users/edu/walking_circle/DE10_LITE_Golden_Top.v Line: 52
    Warning (13040): bidirectional pin "DRAM_DQ[11]" has no driver File: C:/Users/edu/walking_circle/DE10_LITE_Golden_Top.v Line: 52
    Warning (13040): bidirectional pin "DRAM_DQ[12]" has no driver File: C:/Users/edu/walking_circle/DE10_LITE_Golden_Top.v Line: 52
    Warning (13040): bidirectional pin "DRAM_DQ[13]" has no driver File: C:/Users/edu/walking_circle/DE10_LITE_Golden_Top.v Line: 52
    Warning (13040): bidirectional pin "DRAM_DQ[14]" has no driver File: C:/Users/edu/walking_circle/DE10_LITE_Golden_Top.v Line: 52
    Warning (13040): bidirectional pin "DRAM_DQ[15]" has no driver File: C:/Users/edu/walking_circle/DE10_LITE_Golden_Top.v Line: 52
    Warning (13040): bidirectional pin "GSENSOR_SDI" has no driver File: C:/Users/edu/walking_circle/DE10_LITE_Golden_Top.v Line: 108
    Warning (13040): bidirectional pin "GSENSOR_SDO" has no driver File: C:/Users/edu/walking_circle/DE10_LITE_Golden_Top.v Line: 109
    Warning (13040): bidirectional pin "ARDUINO_IO[0]" has no driver File: C:/Users/edu/walking_circle/DE10_LITE_Golden_Top.v Line: 114
    Warning (13040): bidirectional pin "ARDUINO_IO[1]" has no driver File: C:/Users/edu/walking_circle/DE10_LITE_Golden_Top.v Line: 114
    Warning (13040): bidirectional pin "ARDUINO_IO[2]" has no driver File: C:/Users/edu/walking_circle/DE10_LITE_Golden_Top.v Line: 114
    Warning (13040): bidirectional pin "ARDUINO_IO[3]" has no driver File: C:/Users/edu/walking_circle/DE10_LITE_Golden_Top.v Line: 114
    Warning (13040): bidirectional pin "ARDUINO_IO[4]" has no driver File: C:/Users/edu/walking_circle/DE10_LITE_Golden_Top.v Line: 114
    Warning (13040): bidirectional pin "ARDUINO_IO[5]" has no driver File: C:/Users/edu/walking_circle/DE10_LITE_Golden_Top.v Line: 114
    Warning (13040): bidirectional pin "ARDUINO_IO[6]" has no driver File: C:/Users/edu/walking_circle/DE10_LITE_Golden_Top.v Line: 114
    Warning (13040): bidirectional pin "ARDUINO_IO[7]" has no driver File: C:/Users/edu/walking_circle/DE10_LITE_Golden_Top.v Line: 114
    Warning (13040): bidirectional pin "ARDUINO_IO[8]" has no driver File: C:/Users/edu/walking_circle/DE10_LITE_Golden_Top.v Line: 114
    Warning (13040): bidirectional pin "ARDUINO_IO[9]" has no driver File: C:/Users/edu/walking_circle/DE10_LITE_Golden_Top.v Line: 114
    Warning (13040): bidirectional pin "ARDUINO_IO[10]" has no driver File: C:/Users/edu/walking_circle/DE10_LITE_Golden_Top.v Line: 114
    Warning (13040): bidirectional pin "ARDUINO_IO[11]" has no driver File: C:/Users/edu/walking_circle/DE10_LITE_Golden_Top.v Line: 114
    Warning (13040): bidirectional pin "ARDUINO_IO[12]" has no driver File: C:/Users/edu/walking_circle/DE10_LITE_Golden_Top.v Line: 114
    Warning (13040): bidirectional pin "ARDUINO_IO[13]" has no driver File: C:/Users/edu/walking_circle/DE10_LITE_Golden_Top.v Line: 114
    Warning (13040): bidirectional pin "ARDUINO_IO[14]" has no driver File: C:/Users/edu/walking_circle/DE10_LITE_Golden_Top.v Line: 114
    Warning (13040): bidirectional pin "ARDUINO_IO[15]" has no driver File: C:/Users/edu/walking_circle/DE10_LITE_Golden_Top.v Line: 114
    Warning (13040): bidirectional pin "ARDUINO_RESET_N" has no driver File: C:/Users/edu/walking_circle/DE10_LITE_Golden_Top.v Line: 115
    Warning (13040): bidirectional pin "GPIO[0]" has no driver File: C:/Users/edu/walking_circle/DE10_LITE_Golden_Top.v Line: 122
    Warning (13040): bidirectional pin "GPIO[1]" has no driver File: C:/Users/edu/walking_circle/DE10_LITE_Golden_Top.v Line: 122
    Warning (13040): bidirectional pin "GPIO[2]" has no driver File: C:/Users/edu/walking_circle/DE10_LITE_Golden_Top.v Line: 122
    Warning (13040): bidirectional pin "GPIO[3]" has no driver File: C:/Users/edu/walking_circle/DE10_LITE_Golden_Top.v Line: 122
    Warning (13040): bidirectional pin "GPIO[4]" has no driver File: C:/Users/edu/walking_circle/DE10_LITE_Golden_Top.v Line: 122
    Warning (13040): bidirectional pin "GPIO[5]" has no driver File: C:/Users/edu/walking_circle/DE10_LITE_Golden_Top.v Line: 122
    Warning (13040): bidirectional pin "GPIO[6]" has no driver File: C:/Users/edu/walking_circle/DE10_LITE_Golden_Top.v Line: 122
    Warning (13040): bidirectional pin "GPIO[7]" has no driver File: C:/Users/edu/walking_circle/DE10_LITE_Golden_Top.v Line: 122
    Warning (13040): bidirectional pin "GPIO[8]" has no driver File: C:/Users/edu/walking_circle/DE10_LITE_Golden_Top.v Line: 122
    Warning (13040): bidirectional pin "GPIO[9]" has no driver File: C:/Users/edu/walking_circle/DE10_LITE_Golden_Top.v Line: 122
    Warning (13040): bidirectional pin "GPIO[10]" has no driver File: C:/Users/edu/walking_circle/DE10_LITE_Golden_Top.v Line: 122
    Warning (13040): bidirectional pin "GPIO[11]" has no driver File: C:/Users/edu/walking_circle/DE10_LITE_Golden_Top.v Line: 122
    Warning (13040): bidirectional pin "GPIO[12]" has no driver File: C:/Users/edu/walking_circle/DE10_LITE_Golden_Top.v Line: 122
    Warning (13040): bidirectional pin "GPIO[13]" has no driver File: C:/Users/edu/walking_circle/DE10_LITE_Golden_Top.v Line: 122
    Warning (13040): bidirectional pin "GPIO[14]" has no driver File: C:/Users/edu/walking_circle/DE10_LITE_Golden_Top.v Line: 122
    Warning (13040): bidirectional pin "GPIO[15]" has no driver File: C:/Users/edu/walking_circle/DE10_LITE_Golden_Top.v Line: 122
    Warning (13040): bidirectional pin "GPIO[16]" has no driver File: C:/Users/edu/walking_circle/DE10_LITE_Golden_Top.v Line: 122
    Warning (13040): bidirectional pin "GPIO[17]" has no driver File: C:/Users/edu/walking_circle/DE10_LITE_Golden_Top.v Line: 122
    Warning (13040): bidirectional pin "GPIO[18]" has no driver File: C:/Users/edu/walking_circle/DE10_LITE_Golden_Top.v Line: 122
    Warning (13040): bidirectional pin "GPIO[19]" has no driver File: C:/Users/edu/walking_circle/DE10_LITE_Golden_Top.v Line: 122
    Warning (13040): bidirectional pin "GPIO[20]" has no driver File: C:/Users/edu/walking_circle/DE10_LITE_Golden_Top.v Line: 122
    Warning (13040): bidirectional pin "GPIO[21]" has no driver File: C:/Users/edu/walking_circle/DE10_LITE_Golden_Top.v Line: 122
    Warning (13040): bidirectional pin "GPIO[22]" has no driver File: C:/Users/edu/walking_circle/DE10_LITE_Golden_Top.v Line: 122
    Warning (13040): bidirectional pin "GPIO[23]" has no driver File: C:/Users/edu/walking_circle/DE10_LITE_Golden_Top.v Line: 122
    Warning (13040): bidirectional pin "GPIO[24]" has no driver File: C:/Users/edu/walking_circle/DE10_LITE_Golden_Top.v Line: 122
    Warning (13040): bidirectional pin "GPIO[25]" has no driver File: C:/Users/edu/walking_circle/DE10_LITE_Golden_Top.v Line: 122
    Warning (13040): bidirectional pin "GPIO[26]" has no driver File: C:/Users/edu/walking_circle/DE10_LITE_Golden_Top.v Line: 122
    Warning (13040): bidirectional pin "GPIO[27]" has no driver File: C:/Users/edu/walking_circle/DE10_LITE_Golden_Top.v Line: 122
    Warning (13040): bidirectional pin "GPIO[28]" has no driver File: C:/Users/edu/walking_circle/DE10_LITE_Golden_Top.v Line: 122
    Warning (13040): bidirectional pin "GPIO[29]" has no driver File: C:/Users/edu/walking_circle/DE10_LITE_Golden_Top.v Line: 122
    Warning (13040): bidirectional pin "GPIO[30]" has no driver File: C:/Users/edu/walking_circle/DE10_LITE_Golden_Top.v Line: 122
    Warning (13040): bidirectional pin "GPIO[31]" has no driver File: C:/Users/edu/walking_circle/DE10_LITE_Golden_Top.v Line: 122
    Warning (13040): bidirectional pin "GPIO[32]" has no driver File: C:/Users/edu/walking_circle/DE10_LITE_Golden_Top.v Line: 122
    Warning (13040): bidirectional pin "GPIO[33]" has no driver File: C:/Users/edu/walking_circle/DE10_LITE_Golden_Top.v Line: 122
    Warning (13040): bidirectional pin "GPIO[34]" has no driver File: C:/Users/edu/walking_circle/DE10_LITE_Golden_Top.v Line: 122
    Warning (13040): bidirectional pin "GPIO[35]" has no driver File: C:/Users/edu/walking_circle/DE10_LITE_Golden_Top.v Line: 122
Info (13000): Registers with preset signals will power-up high File: C:/Users/edu/walking_circle/hdl/walking_circle.sv Line: 15
Info (13003): DEV_CLRn pin will set, and not reset, register with preset signal due to NOT Gate Push-Back
Warning (13024): Output pins are stuck at VCC or GND
    Warning (13410): Pin "DRAM_ADDR[0]" is stuck at GND File: C:/Users/edu/walking_circle/DE10_LITE_Golden_Top.v Line: 46
    Warning (13410): Pin "DRAM_ADDR[1]" is stuck at GND File: C:/Users/edu/walking_circle/DE10_LITE_Golden_Top.v Line: 46
    Warning (13410): Pin "DRAM_ADDR[2]" is stuck at GND File: C:/Users/edu/walking_circle/DE10_LITE_Golden_Top.v Line: 46
    Warning (13410): Pin "DRAM_ADDR[3]" is stuck at GND File: C:/Users/edu/walking_circle/DE10_LITE_Golden_Top.v Line: 46
    Warning (13410): Pin "DRAM_ADDR[4]" is stuck at GND File: C:/Users/edu/walking_circle/DE10_LITE_Golden_Top.v Line: 46
    Warning (13410): Pin "DRAM_ADDR[5]" is stuck at GND File: C:/Users/edu/walking_circle/DE10_LITE_Golden_Top.v Line: 46
    Warning (13410): Pin "DRAM_ADDR[6]" is stuck at GND File: C:/Users/edu/walking_circle/DE10_LITE_Golden_Top.v Line: 46
    Warning (13410): Pin "DRAM_ADDR[7]" is stuck at GND File: C:/Users/edu/walking_circle/DE10_LITE_Golden_Top.v Line: 46
    Warning (13410): Pin "DRAM_ADDR[8]" is stuck at GND File: C:/Users/edu/walking_circle/DE10_LITE_Golden_Top.v Line: 46
    Warning (13410): Pin "DRAM_ADDR[9]" is stuck at GND File: C:/Users/edu/walking_circle/DE10_LITE_Golden_Top.v Line: 46
    Warning (13410): Pin "DRAM_ADDR[10]" is stuck at GND File: C:/Users/edu/walking_circle/DE10_LITE_Golden_Top.v Line: 46
    Warning (13410): Pin "DRAM_ADDR[11]" is stuck at GND File: C:/Users/edu/walking_circle/DE10_LITE_Golden_Top.v Line: 46
    Warning (13410): Pin "DRAM_ADDR[12]" is stuck at GND File: C:/Users/edu/walking_circle/DE10_LITE_Golden_Top.v Line: 46
    Warning (13410): Pin "DRAM_BA[0]" is stuck at GND File: C:/Users/edu/walking_circle/DE10_LITE_Golden_Top.v Line: 47
    Warning (13410): Pin "DRAM_BA[1]" is stuck at GND File: C:/Users/edu/walking_circle/DE10_LITE_Golden_Top.v Line: 47
    Warning (13410): Pin "DRAM_CAS_N" is stuck at GND File: C:/Users/edu/walking_circle/DE10_LITE_Golden_Top.v Line: 48
    Warning (13410): Pin "DRAM_CKE" is stuck at GND File: C:/Users/edu/walking_circle/DE10_LITE_Golden_Top.v Line: 49
    Warning (13410): Pin "DRAM_CLK" is stuck at GND File: C:/Users/edu/walking_circle/DE10_LITE_Golden_Top.v Line: 50
    Warning (13410): Pin "DRAM_CS_N" is stuck at GND File: C:/Users/edu/walking_circle/DE10_LITE_Golden_Top.v Line: 51
    Warning (13410): Pin "DRAM_LDQM" is stuck at GND File: C:/Users/edu/walking_circle/DE10_LITE_Golden_Top.v Line: 53
    Warning (13410): Pin "DRAM_RAS_N" is stuck at GND File: C:/Users/edu/walking_circle/DE10_LITE_Golden_Top.v Line: 54
    Warning (13410): Pin "DRAM_UDQM" is stuck at GND File: C:/Users/edu/walking_circle/DE10_LITE_Golden_Top.v Line: 55
    Warning (13410): Pin "DRAM_WE_N" is stuck at GND File: C:/Users/edu/walking_circle/DE10_LITE_Golden_Top.v Line: 56
    Warning (13410): Pin "HEX0[7]" is stuck at VCC File: C:/Users/edu/walking_circle/DE10_LITE_Golden_Top.v Line: 61
    Warning (13410): Pin "HEX1[7]" is stuck at VCC File: C:/Users/edu/walking_circle/DE10_LITE_Golden_Top.v Line: 64
    Warning (13410): Pin "HEX2[7]" is stuck at VCC File: C:/Users/edu/walking_circle/DE10_LITE_Golden_Top.v Line: 67
    Warning (13410): Pin "HEX3[7]" is stuck at VCC File: C:/Users/edu/walking_circle/DE10_LITE_Golden_Top.v Line: 70
    Warning (13410): Pin "HEX4[7]" is stuck at VCC File: C:/Users/edu/walking_circle/DE10_LITE_Golden_Top.v Line: 73
    Warning (13410): Pin "HEX5[7]" is stuck at VCC File: C:/Users/edu/walking_circle/DE10_LITE_Golden_Top.v Line: 76
    Warning (13410): Pin "LEDR[0]" is stuck at GND File: C:/Users/edu/walking_circle/DE10_LITE_Golden_Top.v Line: 86
    Warning (13410): Pin "LEDR[1]" is stuck at GND File: C:/Users/edu/walking_circle/DE10_LITE_Golden_Top.v Line: 86
    Warning (13410): Pin "LEDR[2]" is stuck at GND File: C:/Users/edu/walking_circle/DE10_LITE_Golden_Top.v Line: 86
    Warning (13410): Pin "LEDR[3]" is stuck at GND File: C:/Users/edu/walking_circle/DE10_LITE_Golden_Top.v Line: 86
    Warning (13410): Pin "LEDR[4]" is stuck at GND File: C:/Users/edu/walking_circle/DE10_LITE_Golden_Top.v Line: 86
    Warning (13410): Pin "LEDR[5]" is stuck at GND File: C:/Users/edu/walking_circle/DE10_LITE_Golden_Top.v Line: 86
    Warning (13410): Pin "LEDR[6]" is stuck at GND File: C:/Users/edu/walking_circle/DE10_LITE_Golden_Top.v Line: 86
    Warning (13410): Pin "LEDR[7]" is stuck at GND File: C:/Users/edu/walking_circle/DE10_LITE_Golden_Top.v Line: 86
    Warning (13410): Pin "LEDR[8]" is stuck at GND File: C:/Users/edu/walking_circle/DE10_LITE_Golden_Top.v Line: 86
    Warning (13410): Pin "LEDR[9]" is stuck at GND File: C:/Users/edu/walking_circle/DE10_LITE_Golden_Top.v Line: 86
    Warning (13410): Pin "VGA_B[0]" is stuck at GND File: C:/Users/edu/walking_circle/DE10_LITE_Golden_Top.v Line: 96
    Warning (13410): Pin "VGA_B[1]" is stuck at GND File: C:/Users/edu/walking_circle/DE10_LITE_Golden_Top.v Line: 96
    Warning (13410): Pin "VGA_B[2]" is stuck at GND File: C:/Users/edu/walking_circle/DE10_LITE_Golden_Top.v Line: 96
    Warning (13410): Pin "VGA_B[3]" is stuck at GND File: C:/Users/edu/walking_circle/DE10_LITE_Golden_Top.v Line: 96
    Warning (13410): Pin "VGA_G[0]" is stuck at GND File: C:/Users/edu/walking_circle/DE10_LITE_Golden_Top.v Line: 97
    Warning (13410): Pin "VGA_G[1]" is stuck at GND File: C:/Users/edu/walking_circle/DE10_LITE_Golden_Top.v Line: 97
    Warning (13410): Pin "VGA_G[2]" is stuck at GND File: C:/Users/edu/walking_circle/DE10_LITE_Golden_Top.v Line: 97
    Warning (13410): Pin "VGA_G[3]" is stuck at GND File: C:/Users/edu/walking_circle/DE10_LITE_Golden_Top.v Line: 97
    Warning (13410): Pin "VGA_HS" is stuck at GND File: C:/Users/edu/walking_circle/DE10_LITE_Golden_Top.v Line: 98
    Warning (13410): Pin "VGA_R[0]" is stuck at GND File: C:/Users/edu/walking_circle/DE10_LITE_Golden_Top.v Line: 99
    Warning (13410): Pin "VGA_R[1]" is stuck at GND File: C:/Users/edu/walking_circle/DE10_LITE_Golden_Top.v Line: 99
    Warning (13410): Pin "VGA_R[2]" is stuck at GND File: C:/Users/edu/walking_circle/DE10_LITE_Golden_Top.v Line: 99
    Warning (13410): Pin "VGA_R[3]" is stuck at GND File: C:/Users/edu/walking_circle/DE10_LITE_Golden_Top.v Line: 99
    Warning (13410): Pin "VGA_VS" is stuck at GND File: C:/Users/edu/walking_circle/DE10_LITE_Golden_Top.v Line: 100
    Warning (13410): Pin "GSENSOR_CS_N" is stuck at GND File: C:/Users/edu/walking_circle/DE10_LITE_Golden_Top.v Line: 105
    Warning (13410): Pin "GSENSOR_SCLK" is stuck at GND File: C:/Users/edu/walking_circle/DE10_LITE_Golden_Top.v Line: 107
Info (286030): Timing-Driven Synthesis is running
Info (144001): Generated suppressed messages file C:/Users/edu/walking_circle/output_files/walking_circle.map.smsg
Info (16010): Generating hard_block partition "hard_block:auto_generated_inst"
    Info (16011): Adding 0 node(s), including 0 DDIO, 0 PLL, 0 transceiver and 0 LCELL
Warning (21074): Design contains 15 input pin(s) that do not drive logic
    Warning (15610): No output dependent on input pin "ADC_CLK_10" File: C:/Users/edu/walking_circle/DE10_LITE_Golden_Top.v Line: 33
    Warning (15610): No output dependent on input pin "MAX10_CLK2_50" File: C:/Users/edu/walking_circle/DE10_LITE_Golden_Top.v Line: 41
    Warning (15610): No output dependent on input pin "KEY[1]" File: C:/Users/edu/walking_circle/DE10_LITE_Golden_Top.v Line: 81
    Warning (15610): No output dependent on input pin "SW[0]" File: C:/Users/edu/walking_circle/DE10_LITE_Golden_Top.v Line: 91
    Warning (15610): No output dependent on input pin "SW[1]" File: C:/Users/edu/walking_circle/DE10_LITE_Golden_Top.v Line: 91
    Warning (15610): No output dependent on input pin "SW[2]" File: C:/Users/edu/walking_circle/DE10_LITE_Golden_Top.v Line: 91
    Warning (15610): No output dependent on input pin "SW[3]" File: C:/Users/edu/walking_circle/DE10_LITE_Golden_Top.v Line: 91
    Warning (15610): No output dependent on input pin "SW[4]" File: C:/Users/edu/walking_circle/DE10_LITE_Golden_Top.v Line: 91
    Warning (15610): No output dependent on input pin "SW[5]" File: C:/Users/edu/walking_circle/DE10_LITE_Golden_Top.v Line: 91
    Warning (15610): No output dependent on input pin "SW[6]" File: C:/Users/edu/walking_circle/DE10_LITE_Golden_Top.v Line: 91
    Warning (15610): No output dependent on input pin "SW[7]" File: C:/Users/edu/walking_circle/DE10_LITE_Golden_Top.v Line: 91
    Warning (15610): No output dependent on input pin "SW[8]" File: C:/Users/edu/walking_circle/DE10_LITE_Golden_Top.v Line: 91
    Warning (15610): No output dependent on input pin "SW[9]" File: C:/Users/edu/walking_circle/DE10_LITE_Golden_Top.v Line: 91
    Warning (15610): No output dependent on input pin "GSENSOR_INT[1]" File: C:/Users/edu/walking_circle/DE10_LITE_Golden_Top.v Line: 106
    Warning (15610): No output dependent on input pin "GSENSOR_INT[2]" File: C:/Users/edu/walking_circle/DE10_LITE_Golden_Top.v Line: 106
Info (21057): Implemented 244 device resources after synthesis - the final resource count might be different
    Info (21058): Implemented 17 input pins
    Info (21059): Implemented 97 output pins
    Info (21060): Implemented 71 bidirectional pins
    Info (21061): Implemented 59 logic cells
Info: Quartus Prime Analysis & Synthesis was successful. 0 errors, 168 warnings
    Info: Peak virtual memory: 4861 megabytes
    Info: Processing ended: Thu May  8 14:33:19 2025
    Info: Elapsed time: 00:00:06
    Info: Total CPU time (on all processors): 00:00:15


+------------------------------------------+
; Analysis & Synthesis Suppressed Messages ;
+------------------------------------------+
The suppressed messages can be found in C:/Users/edu/walking_circle/output_files/walking_circle.map.smsg.


